--- Starting Pipeline | Strategy: STRICT | Crop: 128x128 ---
  [SUCCESS] Saved tensors for 10005
  [-] SKIPPED 10008: Missing human label.
  [SUCCESS] Saved tensors for 10012
  [-] SKIPPED 10013: Missing human label.
  [SUCCESS] Saved tensors for 10019
  [SUCCESS] Saved tensors for 10021
  [-] SKIPPED 10029: Missing human label.
  [SUCCESS] Saved tensors for 10032
  [-] SKIPPED 10036: Missing human label.
  [SUCCESS] Saved tensors for 10040
  [SUCCESS] Saved tensors for 10043
  [-] SKIPPED 10044: Missing human label.
  [SUCCESS] Saved tensors for 10048
  [-] SKIPPED 10050: Missing human label.
  [-] SKIPPED 10053: Missing human label.
  [SUCCESS] Saved tensors for 10059
  [SUCCESS] Saved tensors for 10074
  [SUCCESS] Saved tensors for 10078
  [SUCCESS] Saved tensors for 10079
  [SUCCESS] Saved tensors for 10085
  [-] SKIPPED 10094: Missing human label.
  [SUCCESS] Saved tensors for 10097
  [-] SKIPPED 10100: Missing human label.
  [!] REJECTED 10103: Tumor clipped (Strict Mode).
  [-] SKIPPED 10104: Missing human label.
  [-] SKIPPED 10106: Missing human label.
  [SUCCESS] Saved tensors for 10107
  [!] REJECTED 10110: Tumor clipped (Strict Mode).
  [-] SKIPPED 10112: Missing human label.
  [SUCCESS] Saved tensors for 10117
  [SUCCESS] Saved tensors for 10118
  [SUCCESS] Saved tensors for 10121
  [-] SKIPPED 10132: Missing human label.
  [SUCCESS] Saved tensors for 10134
  [-] SKIPPED 10135: Missing human label.
  [-] SKIPPED 10140: Missing human label.
  [-] SKIPPED 10148: Missing human label.
  [SUCCESS] Saved tensors for 10157
  [SUCCESS] Saved tensors for 10164
  [!] REJECTED 10168: Tumor clipped (Strict Mode).
  [-] SKIPPED 10170: Missing human label.
  [-] SKIPPED 10171: Missing human label.
  [-] SKIPPED 10182: Missing human label.
  [!] REJECTED 10202: Tumor clipped (Strict Mode).
  [-] SKIPPED 10209: Missing human label.
  [SUCCESS] Saved tensors for 10211
  [-] SKIPPED 10212: Missing human label.
  [-] SKIPPED 10214: Missing human label.
  [SUCCESS] Saved tensors for 10216
  [!] REJECTED 10220: Tumor clipped (Strict Mode).
  [-] SKIPPED 10225: Missing human label.
  [-] SKIPPED 10229: Missing human label.
  [-] SKIPPED 10232: Missing human label.
  [!] REJECTED 10233: Tumor clipped (Strict Mode).
  [SUCCESS] Saved tensors for 10234
  [-] SKIPPED 10235: Missing human label.
  [-] SKIPPED 10236: Missing human label.
  [SUCCESS] Saved tensors for 10241
  [!] REJECTED 10252: Tumor clipped (Strict Mode).
  [!] REJECTED 10257: Tumor clipped (Strict Mode).
  [SUCCESS] Saved tensors for 10262
  [SUCCESS] Saved tensors for 10268
  [-] SKIPPED 10271: Missing human label.
  [SUCCESS] Saved tensors for 10273
  [!] REJECTED 10274: Tumor clipped (Strict Mode).
  [-] SKIPPED 10280: Missing human label.
  [-] SKIPPED 10282: Missing human label.
  [-] SKIPPED 10283: Missing human label.
  [!] REJECTED 10289: Tumor clipped (Strict Mode).
  [-] SKIPPED 10293: Missing human label.
  [!] REJECTED 10294: Tumor clipped (Strict Mode).
  [SUCCESS] Saved tensors for 10304
  [-] SKIPPED 10312: Missing human label.
  [-] SKIPPED 10318: Missing human label.
  [SUCCESS] Saved tensors for 10322
  [-] SKIPPED 10324: Missing human label.
  [!] REJECTED 10329: Tumor clipped (Strict Mode).
  [-] SKIPPED 10334: Missing human label.
  [SUCCESS] Saved tensors for 10338
  [SUCCESS] Saved tensors for 10339
  [SUCCESS] Saved tensors for 10340
  [!] REJECTED 10342: Tumor clipped (Strict Mode).
  [SUCCESS] Saved tensors for 10350
  [-] SKIPPED 10354: Missing human label.
  [!] REJECTED 10355: Tumor clipped (Strict Mode).
  [-] SKIPPED 10358: Missing human label.
  [-] SKIPPED 10365: Missing human label.
  [SUCCESS] Saved tensors for 10368
  [-] SKIPPED 10369: Missing human label.
  [-] SKIPPED 10371: Missing human label.
  [!] REJECTED 10372: Tumor clipped (Strict Mode).
  [-] SKIPPED 10375: Missing human label.
  [-] SKIPPED 10376: Missing human label.
  [-] SKIPPED 10377: Missing human label.
  [SUCCESS] Saved tensors for 10380
  [SUCCESS] Saved tensors for 10383
  [!] REJECTED 10390: Tumor clipped (Strict Mode).
  [!] REJECTED 10392: Tumor clipped (Strict Mode).
  [-] SKIPPED 10393: Missing human label.
  [-] SKIPPED 10397: Missing human label.
  [SUCCESS] Saved tensors for 10398
  [-] SKIPPED 10399: Missing human label.
  [-] SKIPPED 10400: Missing human label.
  [-] SKIPPED 10402: Missing human label.
  [SUCCESS] Saved tensors for 10405
  [-] SKIPPED 10408: Missing human label.
  [SUCCESS] Saved tensors for 10418
  [!] REJECTED 10424: Tumor clipped (Strict Mode).
  [-] SKIPPED 10426: Missing human label.
  [-] SKIPPED 10431: Missing human label.
  [-] SKIPPED 10433: Missing human label.
  [SUCCESS] Saved tensors for 10434
  [!] REJECTED 10442: Tumor clipped (Strict Mode).
  [SUCCESS] Saved tensors for 10451
  [-] SKIPPED 10456: Missing human label.
  [-] SKIPPED 10458: Missing human label.
  [-] SKIPPED 10459: Missing human label.
  [SUCCESS] Saved tensors for 10463
  [-] SKIPPED 10464: Missing human label.
  [-] SKIPPED 10465: Missing human label.
  [-] SKIPPED 10471: Missing human label.
  [SUCCESS] Saved tensors for 10473
  [-] SKIPPED 10481: Missing human label.
  [!] REJECTED 10482: Tumor clipped (Strict Mode).
  [SUCCESS] Saved tensors for 10484
  [!] REJECTED 10486: Tumor clipped (Strict Mode).
  [SUCCESS] Saved tensors for 10490
  [-] SKIPPED 10494: Missing human label.
  [-] SKIPPED 10496: Missing human label.
  [-] SKIPPED 10497: Missing human label.
  [-] SKIPPED 10498: Missing human label.
  [-] SKIPPED 10499: Missing human label.
  [-] SKIPPED 10501: Missing human label.
  [SUCCESS] Saved tensors for 10503
  [-] SKIPPED 10508: Missing human label.
  [-] SKIPPED 10510: Missing human label.
  [-] SKIPPED 10515: Missing human label.
  [-] SKIPPED 10517: Missing human label.
  [-] SKIPPED 10519: Missing human label.
  [-] SKIPPED 10520: Missing human label.
  [!] REJECTED 10522: Tumor clipped (Strict Mode).
  [SUCCESS] Saved tensors for 10523
  [SUCCESS] Saved tensors for 10526
  [SUCCESS] Saved tensors for 10529
  [-] SKIPPED 10537: Missing human label.
  [SUCCESS] Saved tensors for 10539
  [SUCCESS] Saved tensors for 10540
  [-] SKIPPED 10545: Missing human label.
  [-] SKIPPED 10547: Missing human label.
  [SUCCESS] Saved tensors for 10548
  [!] REJECTED 10549: Tumor clipped (Strict Mode).
  [-] SKIPPED 10550: Missing human label.
  [-] SKIPPED 10554: Missing human label.
  [-] SKIPPED 10555: Missing human label.
  [SUCCESS] Saved tensors for 10558
  [-] SKIPPED 10560: Missing human label.
  [-] SKIPPED 10562: Missing human label.
  [-] SKIPPED 10565: Missing human label.
  [-] SKIPPED 10567: Missing human label.
  [SUCCESS] Saved tensors for 10568
  [SUCCESS] Saved tensors for 10570
  [-] SKIPPED 10577: Missing human label.
  [-] SKIPPED 10584: Missing human label.
  [!] REJECTED 10589: Tumor clipped (Strict Mode).
  [SUCCESS] Saved tensors for 10604
  [SUCCESS] Saved tensors for 10605
  [-] SKIPPED 10606: Missing human label.
  [SUCCESS] Saved tensors for 10607
  [-] SKIPPED 10611: Missing human label.
  [SUCCESS] Saved tensors for 10620
  [-] SKIPPED 10622: Missing human label.
  [!] REJECTED 10626: Tumor clipped (Strict Mode).
  [-] SKIPPED 10630: Missing human label.
  [-] SKIPPED 10631: Missing human label.
  [SUCCESS] Saved tensors for 10634
  [SUCCESS] Saved tensors for 10635
  [-] SKIPPED 10636: Missing human label.
  [SUCCESS] Saved tensors for 10637
  [-] SKIPPED 10638: Missing human label.
  [SUCCESS] Saved tensors for 10641
  [-] SKIPPED 10644: Missing human label.
  [-] SKIPPED 10651: Missing human label.
  [-] SKIPPED 10652: Missing human label.
  [-] SKIPPED 10658: Missing human label.
  [-] SKIPPED 10660: Missing human label.
  [-] SKIPPED 10661: Missing human label.
  [SUCCESS] Saved tensors for 10665
  [SUCCESS] Saved tensors for 10668
  [!] REJECTED 10670: Tumor clipped (Strict Mode).
  [-] SKIPPED 10679: Missing human label.
  [-] SKIPPED 10682: Missing human label.
  [-] SKIPPED 10684: Missing human label.
  [-] SKIPPED 10686: Missing human label.
  [!] REJECTED 10687: Tumor clipped (Strict Mode).
  [SUCCESS] Saved tensors for 10688
  [-] SKIPPED 10690: Missing human label.
  [-] SKIPPED 10693: Missing human label.
  [SUCCESS] Saved tensors for 10699
  [SUCCESS] Saved tensors for 10700
  [-] SKIPPED 10701: Missing human label.
  [SUCCESS] Saved tensors for 10707
  [-] SKIPPED 10710: Missing human label.
  [-] SKIPPED 10717: Missing human label.
  [-] SKIPPED 10718: Missing human label.
  [SUCCESS] Saved tensors for 10721
  [SUCCESS] Saved tensors for 10726
  [!] REJECTED 10728: Tumor clipped (Strict Mode).
  [SUCCESS] Saved tensors for 10730
  [-] SKIPPED 10739: Missing human label.
  [-] SKIPPED 10742: Missing human label.
  [SUCCESS] Saved tensors for 10743
  [-] SKIPPED 10753: Missing human label.
  [-] SKIPPED 10754: Missing human label.
  [-] SKIPPED 10758: Missing human label.
  [-] SKIPPED 10760: Missing human label.
  [-] SKIPPED 10763: Missing human label.
  [SUCCESS] Saved tensors for 10768
  [-] SKIPPED 10772: Missing human label.
  [-] SKIPPED 10773: Missing human label.
  [-] SKIPPED 10775: Missing human label.
  [SUCCESS] Saved tensors for 10777
  [-] SKIPPED 10781: Missing human label.
  [-] SKIPPED 10797: Missing human label.
  [!] REJECTED 10798: Tumor clipped (Strict Mode).
  [-] SKIPPED 10799: Missing human label.
  [SUCCESS] Saved tensors for 10804
  [-] SKIPPED 10806: Missing human label.
  [!] REJECTED 10807: Tumor clipped (Strict Mode).
  [!] REJECTED 10808: Tumor clipped (Strict Mode).
  [-] SKIPPED 10810: Missing human label.
  [-] SKIPPED 10811: Missing human label.
  [SUCCESS] Saved tensors for 10825
  [-] SKIPPED 10827: Missing human label.
  [SUCCESS] Saved tensors for 10833
  [SUCCESS] Saved tensors for 10834
  [SUCCESS] Saved tensors for 10836
  [-] SKIPPED 10837: Missing human label.
  [SUCCESS] Saved tensors for 10839
  [!] REJECTED 10842: Tumor clipped (Strict Mode).
  [-] SKIPPED 10845: Missing human label.
  [-] SKIPPED 10852: Missing human label.
  [-] SKIPPED 10856: Missing human label.
  [-] SKIPPED 10857: Missing human label.
  [-] SKIPPED 10862: Missing human label.
  [-] SKIPPED 10865: Missing human label.
  [!] REJECTED 10867: Tumor clipped (Strict Mode).
  [SUCCESS] Saved tensors for 10868
  [SUCCESS] Saved tensors for 10872
  [-] SKIPPED 10873: Missing human label.
  [-] SKIPPED 10875: Missing human label.
  [SUCCESS] Saved tensors for 10880
  [-] SKIPPED 10882: Missing human label.
  [-] SKIPPED 10883: Missing human label.
  [!] REJECTED 10885: Tumor clipped (Strict Mode).
  [!] REJECTED 10888: Tumor clipped (Strict Mode).
  [-] SKIPPED 10889: Missing human label.
  [-] SKIPPED 10890: Missing human label.
  [-] SKIPPED 10894: Missing human label.
  [SUCCESS] Saved tensors for 10895
  [-] SKIPPED 10900: Missing human label.
  [!] REJECTED 10901: Tumor clipped (Strict Mode).
  [-] SKIPPED 10903: Missing human label.
  [-] SKIPPED 10904: Missing human label.
  [-] SKIPPED 10909: Missing human label.
  [!] REJECTED 10910: Tumor clipped (Strict Mode).
  [SUCCESS] Saved tensors for 10911
  [SUCCESS] Saved tensors for 10915
  [SUCCESS] Saved tensors for 10920
  [SUCCESS] Saved tensors for 10921
  [!] REJECTED 10925: Tumor clipped (Strict Mode).
  [SUCCESS] Saved tensors for 10932
  [!] REJECTED 10938: Tumor clipped (Strict Mode).
  [SUCCESS] Saved tensors for 10942
  [-] SKIPPED 10943: Missing human label.
  [!] REJECTED 10948: Tumor clipped (Strict Mode).
  [SUCCESS] Saved tensors for 10953
  [-] SKIPPED 10956: Missing human label.
  [SUCCESS] Saved tensors for 10957
  [SUCCESS] Saved tensors for 10961
  [SUCCESS] Saved tensors for 10964
  [-] SKIPPED 10965: Missing human label.
  [SUCCESS] Saved tensors for 10968
  [!] REJECTED 10970: Tumor clipped (Strict Mode).
  [!] REJECTED 10975: Tumor clipped (Strict Mode).
  [-] SKIPPED 10976: Missing human label.
  [SUCCESS] Saved tensors for 10985
  [-] SKIPPED 10991: Missing human label.
  [-] SKIPPED 10993: Missing human label.
  [-] SKIPPED 10995: Missing human label.
  [SUCCESS] Saved tensors for 11002
  [-] SKIPPED 11009: Missing human label.
  [SUCCESS] Saved tensors for 11032
  [-] SKIPPED 11037: Missing human label.
  [!] REJECTED 11039: Tumor clipped (Strict Mode).
  [!] REJECTED 11041: Tumor clipped (Strict Mode).
  [-] SKIPPED 11043: Missing human label.
  [-] SKIPPED 11045: Missing human label.
  [SUCCESS] Saved tensors for 11049
  [!] REJECTED 11050: Tumor clipped (Strict Mode).
  [SUCCESS] Saved tensors for 11051
  [SUCCESS] Saved tensors for 11054
  [-] SKIPPED 11055: Missing human label.
  [SUCCESS] Saved tensors for 11063
  [-] SKIPPED 11067: Missing human label.
  [!] REJECTED 11068: Tumor clipped (Strict Mode).
  [-] SKIPPED 11072: Missing human label.
  [SUCCESS] Saved tensors for 11074
  [SUCCESS] Saved tensors for 11076
  [SUCCESS] Saved tensors for 11080
  [-] SKIPPED 11081: Missing human label.
  [-] SKIPPED 11083: Missing human label.
  [SUCCESS] Saved tensors for 11086
  [-] SKIPPED 11093: Missing human label.
  [-] SKIPPED 11095: Missing human label.
  [SUCCESS] Saved tensors for 11102
  [-] SKIPPED 11111: Missing human label.
  [!] REJECTED 11114: Tumor clipped (Strict Mode).
  [-] SKIPPED 11115: Missing human label.
  [-] SKIPPED 11117: Missing human label.
  [SUCCESS] Saved tensors for 11122
  [-] SKIPPED 11123: Missing human label.
  [SUCCESS] Saved tensors for 11130
  [-] SKIPPED 11133: Missing human label.
  [SUCCESS] Saved tensors for 11137
  [-] SKIPPED 11143: Missing human label.
  [-] SKIPPED 11146: Missing human label.
  [SUCCESS] Saved tensors for 11149
  [SUCCESS] Saved tensors for 11152
  [!] REJECTED 11154: Tumor clipped (Strict Mode).
  [SUCCESS] Saved tensors for 11155
  [-] SKIPPED 11157: Missing human label.
  [SUCCESS] Saved tensors for 11162
  [SUCCESS] Saved tensors for 11163
  [SUCCESS] Saved tensors for 11165
  [!] REJECTED 11168: Tumor clipped (Strict Mode).
  [-] SKIPPED 11169: Missing human label.
  [-] SKIPPED 11173: Missing human label.
  [!] REJECTED 11174: Tumor clipped (Strict Mode).
  [!] REJECTED 11177: Tumor clipped (Strict Mode).
  [-] SKIPPED 11179: Missing human label.
  [SUCCESS] Saved tensors for 11181
  [!] REJECTED 11185: Tumor clipped (Strict Mode).
  [SUCCESS] Saved tensors for 11186
  [SUCCESS] Saved tensors for 11188
  [SUCCESS] Saved tensors for 11190
  [!] REJECTED 11194: Tumor clipped (Strict Mode).
  [SUCCESS] Saved tensors for 11198
  [-] SKIPPED 11207: Missing human label.
  [!] REJECTED 11208: Tumor clipped (Strict Mode).
  [SUCCESS] Saved tensors for 11225
  [SUCCESS] Saved tensors for 11229
  [SUCCESS] Saved tensors for 11231
  [SUCCESS] Saved tensors for 11236
  [-] SKIPPED 11239: Missing human label.
  [-] SKIPPED 11240: Missing human label.
  [-] SKIPPED 11243: Missing human label.
  [-] SKIPPED 11245: Missing human label.
  [SUCCESS] Saved tensors for 11247
  [-] SKIPPED 11248: Missing human label.
  [SUCCESS] Saved tensors for 11253
  [SUCCESS] Saved tensors for 11256
  [SUCCESS] Saved tensors for 11257
  [-] SKIPPED 11258: Missing human label.
  [!] REJECTED 11260: Tumor clipped (Strict Mode).
  [-] SKIPPED 11266: Missing human label.
  [SUCCESS] Saved tensors for 11269
  [-] SKIPPED 11274: Missing human label.
  [SUCCESS] Saved tensors for 11278
  [!] REJECTED 11280: Tumor clipped (Strict Mode).
  [-] SKIPPED 11283: Missing human label.
  [!] REJECTED 11284: Tumor clipped (Strict Mode).
  [-] SKIPPED 11285: Missing human label.
  [-] SKIPPED 11296: Missing human label.
  [!] REJECTED 11299: Tumor clipped (Strict Mode).
  [SUCCESS] Saved tensors for 11300
  [-] SKIPPED 11302: Missing human label.
  [!] REJECTED 11305: Tumor clipped (Strict Mode).
  [SUCCESS] Saved tensors for 11306
  [-] SKIPPED 11313: Missing human label.
  [-] SKIPPED 11322: Missing human label.
  [SUCCESS] Saved tensors for 11325
  [SUCCESS] Saved tensors for 11330
  [-] SKIPPED 11332: Missing human label.
  [-] SKIPPED 11333: Missing human label.
  [-] SKIPPED 11334: Missing human label.
  [-] SKIPPED 11336: Missing human label.
  [SUCCESS] Saved tensors for 11338
  [-] SKIPPED 11341: Missing human label.
  [SUCCESS] Saved tensors for 11345
  [-] SKIPPED 11346: Missing human label.
  [-] SKIPPED 11350: Missing human label.
  [-] SKIPPED 11352: Missing human label.
  [!] REJECTED 11357: Tumor clipped (Strict Mode).
  [SUCCESS] Saved tensors for 11361
  [-] SKIPPED 11367: Missing human label.
  [-] SKIPPED 11369: Missing human label.
  [SUCCESS] Saved tensors for 11373
  [SUCCESS] Saved tensors for 11375
  [SUCCESS] Saved tensors for 11377
  [SUCCESS] Saved tensors for 11382
  [SUCCESS] Saved tensors for 11384
  [!] REJECTED 11385: Tumor clipped (Strict Mode).
  [SUCCESS] Saved tensors for 11397
  [-] SKIPPED 11400: Missing human label.
  [!] REJECTED 11423: Tumor clipped (Strict Mode).
  [-] SKIPPED 11425: Missing human label.
  [-] SKIPPED 11426: Missing human label.
  [SUCCESS] Saved tensors for 11428
  [-] SKIPPED 11437: Missing human label.
  [SUCCESS] Saved tensors for 11441
  [!] REJECTED 11442: Tumor clipped (Strict Mode).
  [SUCCESS] Saved tensors for 11444
  [SUCCESS] Saved tensors for 11446
  [!] REJECTED 11447: Tumor clipped (Strict Mode).
  [SUCCESS] Saved tensors for 11448
  [SUCCESS] Saved tensors for 11450
  [-] SKIPPED 11451: Missing human label.
  [SUCCESS] Saved tensors for 11456
  [SUCCESS] Saved tensors for 11462
  [!] REJECTED 11465: Tumor clipped (Strict Mode).
  [-] SKIPPED 11468: Missing human label.
  [SUCCESS] Saved tensors for 11471
  [-] SKIPPED 11472: Missing human label.
  [SUCCESS] Saved tensors for 11475

Pipeline Complete (STRICT).
Yielded 156/424 clean cases.
Logs saved to data/preprocessing_strict.log
Patient lists saved to data/dataset_splits_strict.json
